# JRE version: OpenJDK Runtime Environment (16.0.1+9) (build 16.0.1+9-24)
# Java VM: OpenJDK 64-Bit Server VM (16.0.1+9-24, mixed mode, sharing, tiered, compressed oops, compressed class ptrs, g1 gc, windows-amd64)
GC Precious Log:
 CPUs: 4 total, 4 available
 Memory: 16063M
 Large Page Support: Disabled
 NUMA Support: Disabled
 Compressed Oops: Enabled (Zero based)
 Heap Region Size: 2M
 Heap Min Capacity: 8M
 Heap Initial Capacity: 252M
 Heap Max Capacity: 4016M
 Pre-touch: Disabled
 Parallel Workers: 4
 Concurrent Workers: 1
 Concurrent Refinement Workers: 4
 Periodic GC: Disabled
Heap:
 garbage-first heap   total 258048K, used 135407K [0x0000000705000000, 0x0000000800000000)
  region size 2048K, 1 young (2048K), 1 survivors (2048K)
 Metaspace       used 72425K, committed 72960K, reserved 1114112K
  class space    used 9414K, committed 9664K, reserved 1048576K
GC Heap History (20 events):
Event: 40.812 GC heap after
{Heap after GC invocations=30 (full 0):
 garbage-first heap   total 169984K, used 66035K [0x0000000705000000, 0x0000000800000000)
  region size 2048K, 4 young (8192K), 4 survivors (8192K)
 Metaspace       used 67786K, committed 68288K, reserved 1114112K
  class space    used 8759K, committed 9024K, reserved 1048576K
}
Event: 41.886 GC heap before
{Heap before GC invocations=30 (full 0):
 garbage-first heap   total 169984K, used 141811K [0x0000000705000000, 0x0000000800000000)
  region size 2048K, 40 young (81920K), 4 survivors (8192K)
 Metaspace       used 70912K, committed 71360K, reserved 1114112K
  class space    used 9178K, committed 9408K, reserved 1048576K
}
Event: 41.902 GC heap after
{Heap after GC invocations=31 (full 0):
 garbage-first heap   total 169984K, used 74126K [0x0000000705000000, 0x0000000800000000)
  region size 2048K, 5 young (10240K), 5 survivors (10240K)
 Metaspace       used 70912K, committed 71360K, reserved 1114112K
  class space    used 9178K, committed 9408K, reserved 1048576K
}
Event: 42.249 GC heap before
{Heap before GC invocations=31 (full 0):
 garbage-first heap   total 169984K, used 135566K [0x0000000705000000, 0x0000000800000000)
  region size 2048K, 36 young (73728K), 5 survivors (10240K)
 Metaspace       used 70918K, committed 71360K, reserved 1114112K
  class space    used 9179K, committed 9408K, reserved 1048576K
}
Event: 42.269 GC heap after
{Heap after GC invocations=32 (full 0):
 garbage-first heap   total 169984K, used 85373K [0x0000000705000000, 0x0000000800000000)
  region size 2048K, 5 young (10240K), 5 survivors (10240K)
 Metaspace       used 70918K, committed 71360K, reserved 1114112K
  class space    used 9179K, committed 9408K, reserved 1048576K
}
Event: 42.732 GC heap before
{Heap before GC invocations=32 (full 0):
 garbage-first heap   total 169984K, used 130429K [0x0000000705000000, 0x0000000800000000)
  region size 2048K, 28 young (57344K), 5 survivors (10240K)
 Metaspace       used 71035K, committed 71616K, reserved 1114112K
  class space    used 9193K, committed 9472K, reserved 1048576K
}
Event: 42.758 GC heap after
{Heap after GC invocations=33 (full 0):
 garbage-first heap   total 169984K, used 100027K [0x0000000705000000, 0x0000000800000000)
  region size 2048K, 4 young (8192K), 4 survivors (8192K)
 Metaspace       used 71035K, committed 71616K, reserved 1114112K
  class space    used 9193K, committed 9472K, reserved 1048576K
}
Event: 42.924 GC heap before
{Heap before GC invocations=33 (full 0):
 garbage-first heap   total 169984K, used 132795K [0x0000000705000000, 0x0000000800000000)
  region size 2048K, 19 young (38912K), 4 survivors (8192K)
 Metaspace       used 71035K, committed 71616K, reserved 1114112K
  class space    used 9193K, committed 9472K, reserved 1048576K
}
Event: 42.938 GC heap after
{Heap after GC invocations=34 (full 0):
 garbage-first heap   total 229376K, used 109144K [0x0000000705000000, 0x0000000800000000)
  region size 2048K, 3 young (6144K), 3 survivors (6144K)
 Metaspace       used 71035K, committed 71616K, reserved 1114112K
  class space    used 9193K, committed 9472K, reserved 1048576K
}
Event: 43.302 GC heap before
{Heap before GC invocations=35 (full 0):
 garbage-first heap   total 229376K, used 168536K [0x0000000705000000, 0x0000000800000000)
  region size 2048K, 33 young (67584K), 3 survivors (6144K)
 Metaspace       used 71035K, committed 71616K, reserved 1114112K
  class space    used 9193K, committed 9472K, reserved 1048576K
}
Event: 43.320 GC heap after
{Heap after GC invocations=36 (full 0):
 garbage-first heap   total 229376K, used 125146K [0x0000000705000000, 0x0000000800000000)
  region size 2048K, 5 young (10240K), 5 survivors (10240K)
 Metaspace       used 71035K, committed 71616K, reserved 1114112K
  class space    used 9193K, committed 9472K, reserved 1048576K
}
Event: 43.521 GC heap before
{Heap before GC invocations=36 (full 0):
 garbage-first heap   total 229376K, used 141530K [0x0000000705000000, 0x0000000800000000)
  region size 2048K, 15 young (30720K), 5 survivors (10240K)
 Metaspace       used 71035K, committed 71616K, reserved 1114112K
  class space    used 9193K, committed 9472K, reserved 1048576K
}
Event: 43.545 GC heap after
{Heap after GC invocations=37 (full 0):
 garbage-first heap   total 229376K, used 133682K [0x0000000705000000, 0x0000000800000000)
  region size 2048K, 4 young (8192K), 4 survivors (8192K)
 Metaspace       used 71035K, committed 71616K, reserved 1114112K
  class space    used 9193K, committed 9472K, reserved 1048576K
}
Event: 43.787 GC heap before
{Heap before GC invocations=37 (full 0):
 garbage-first heap   total 229376K, used 172594K [0x0000000705000000, 0x0000000800000000)
  region size 2048K, 22 young (45056K), 4 survivors (8192K)
 Metaspace       used 71035K, committed 71616K, reserved 1114112K
  class space    used 9193K, committed 9472K, reserved 1048576K
}
Event: 43.801 GC heap after
{Heap after GC invocations=38 (full 0):
 garbage-first heap   total 229376K, used 142525K [0x0000000705000000, 0x0000000800000000)
  region size 2048K, 3 young (6144K), 3 survivors (6144K)
 Metaspace       used 71035K, committed 71616K, reserved 1114112K
  class space    used 9193K, committed 9472K, reserved 1048576K
}
Event: 44.006 GC heap before
{Heap before GC invocations=38 (full 0):
 garbage-first heap   total 253952K, used 163005K [0x0000000705000000, 0x0000000800000000)
  region size 2048K, 19 young (38912K), 3 survivors (6144K)
 Metaspace       used 71035K, committed 71616K, reserved 1114112K
  class space    used 9193K, committed 9472K, reserved 1048576K
}
Event: 44.017 GC heap after
{Heap after GC invocations=39 (full 0):
 garbage-first heap   total 253952K, used 138905K [0x0000000705000000, 0x0000000800000000)
  region size 2048K, 3 young (6144K), 3 survivors (6144K)
 Metaspace       used 71035K, committed 71616K, reserved 1114112K
  class space    used 9193K, committed 9472K, reserved 1048576K
}
Event: 44.516 GC heap before
{Heap before GC invocations=40 (full 0):
 garbage-first heap   total 253952K, used 188057K [0x0000000705000000, 0x0000000800000000)
  region size 2048K, 27 young (55296K), 3 survivors (6144K)
 Metaspace       used 71534K, committed 72064K, reserved 1114112K
  class space    used 9287K, committed 9536K, reserved 1048576K
}
Event: 44.540 GC heap after
{Heap after GC invocations=41 (full 0):
 garbage-first heap   total 253952K, used 153435K [0x0000000705000000, 0x0000000800000000)
  region size 2048K, 4 young (8192K), 4 survivors (8192K)
 Metaspace       used 71534K, committed 72064K, reserved 1114112K
  class space    used 9287K, committed 9536K, reserved 1048576K
}
Event: 44.640 GC heap before
{Heap before GC invocations=41 (full 0):
 garbage-first heap   total 253952K, used 157531K [0x0000000705000000, 0x0000000800000000)
  region size 2048K, 6 young (12288K), 4 survivors (8192K)
 Metaspace       used 72425K, committed 72960K, reserved 1114112K
  class space    used 9414K, committed 9664K, reserved 1048576K
}

