# JRE version: OpenJDK Runtime Environment (16.0.1+9) (build 16.0.1+9-24)
# Java VM: OpenJDK 64-Bit Server VM (16.0.1+9-24, mixed mode, sharing, tiered, compressed oops, compressed class ptrs, g1 gc, windows-amd64)
GC Precious Log:
 CPUs: 4 total, 4 available
 Memory: 16063M
 Large Page Support: Disabled
 NUMA Support: Disabled
 Compressed Oops: Enabled (Zero based)
 Heap Region Size: 2M
 Heap Min Capacity: 8M
 Heap Initial Capacity: 252M
 Heap Max Capacity: 4016M
 Pre-touch: Disabled
 Parallel Workers: 4
 Concurrent Workers: 1
 Concurrent Refinement Workers: 4
 Periodic GC: Disabled
Heap:
 garbage-first heap   total 258048K, used 113614K [0x0000000705000000, 0x0000000800000000)
  region size 2048K, 1 young (2048K), 1 survivors (2048K)
 Metaspace       used 65365K, committed 65856K, reserved 1114112K
  class space    used 8519K, committed 8704K, reserved 1048576K
GC Heap History (20 events):
Event: 28.973 GC heap after
{Heap after GC invocations=24 (full 0):
 garbage-first heap   total 157696K, used 54138K [0x0000000705000000, 0x0000000800000000)
  region size 2048K, 4 young (8192K), 4 survivors (8192K)
 Metaspace       used 61430K, committed 61888K, reserved 1105920K
  class space    used 8037K, committed 8256K, reserved 1048576K
}
Event: 30.489 GC heap before
{Heap before GC invocations=24 (full 0):
 garbage-first heap   total 157696K, used 129914K [0x0000000705000000, 0x0000000800000000)
  region size 2048K, 40 young (81920K), 4 survivors (8192K)
 Metaspace       used 65239K, committed 65728K, reserved 1105920K
  class space    used 8505K, committed 8704K, reserved 1048576K
}
Event: 30.504 GC heap after
{Heap after GC invocations=25 (full 0):
 garbage-first heap   total 157696K, used 61057K [0x0000000705000000, 0x0000000800000000)
  region size 2048K, 5 young (10240K), 5 survivors (10240K)
 Metaspace       used 65239K, committed 65728K, reserved 1105920K
  class space    used 8505K, committed 8704K, reserved 1048576K
}
Event: 30.947 GC heap before
{Heap before GC invocations=25 (full 0):
 garbage-first heap   total 157696K, used 124545K [0x0000000705000000, 0x0000000800000000)
  region size 2048K, 37 young (75776K), 5 survivors (10240K)
 Metaspace       used 65247K, committed 65728K, reserved 1105920K
  class space    used 8505K, committed 8704K, reserved 1048576K
}
Event: 30.967 GC heap after
{Heap after GC invocations=26 (full 0):
 garbage-first heap   total 157696K, used 72262K [0x0000000705000000, 0x0000000800000000)
  region size 2048K, 5 young (10240K), 5 survivors (10240K)
 Metaspace       used 65247K, committed 65728K, reserved 1105920K
  class space    used 8505K, committed 8704K, reserved 1048576K
}
Event: 31.506 GC heap before
{Heap before GC invocations=26 (full 0):
 garbage-first heap   total 157696K, used 123462K [0x0000000705000000, 0x0000000800000000)
  region size 2048K, 30 young (61440K), 5 survivors (10240K)
 Metaspace       used 65365K, committed 65856K, reserved 1114112K
  class space    used 8519K, committed 8704K, reserved 1048576K
}
Event: 31.533 GC heap after
{Heap after GC invocations=27 (full 0):
 garbage-first heap   total 157696K, used 90564K [0x0000000705000000, 0x0000000800000000)
  region size 2048K, 4 young (8192K), 4 survivors (8192K)
 Metaspace       used 65365K, committed 65856K, reserved 1114112K
  class space    used 8519K, committed 8704K, reserved 1048576K
}
Event: 31.686 GC heap before
{Heap before GC invocations=27 (full 0):
 garbage-first heap   total 157696K, used 119236K [0x0000000705000000, 0x0000000800000000)
  region size 2048K, 19 young (38912K), 4 survivors (8192K)
 Metaspace       used 65365K, committed 65856K, reserved 1114112K
  class space    used 8519K, committed 8704K, reserved 1048576K
}
Event: 31.699 GC heap after
{Heap after GC invocations=28 (full 0):
 garbage-first heap   total 202752K, used 98423K [0x0000000705000000, 0x0000000800000000)
  region size 2048K, 3 young (6144K), 3 survivors (6144K)
 Metaspace       used 65365K, committed 65856K, reserved 1114112K
  class space    used 8519K, committed 8704K, reserved 1048576K
}
Event: 32.183 GC heap before
{Heap before GC invocations=28 (full 0):
 garbage-first heap   total 235520K, used 147575K [0x0000000705000000, 0x0000000800000000)
  region size 2048K, 28 young (57344K), 3 survivors (6144K)
 Metaspace       used 65365K, committed 65856K, reserved 1114112K
  class space    used 8519K, committed 8704K, reserved 1048576K
}
Event: 32.201 GC heap after
{Heap after GC invocations=29 (full 0):
 garbage-first heap   total 235520K, used 112178K [0x0000000705000000, 0x0000000800000000)
  region size 2048K, 4 young (8192K), 4 survivors (8192K)
 Metaspace       used 65365K, committed 65856K, reserved 1114112K
  class space    used 8519K, committed 8704K, reserved 1048576K
}
Event: 32.532 GC heap before
{Heap before GC invocations=30 (full 0):
 garbage-first heap   total 235520K, used 128562K [0x0000000705000000, 0x0000000800000000)
  region size 2048K, 13 young (26624K), 4 survivors (8192K)
 Metaspace       used 65365K, committed 65856K, reserved 1114112K
  class space    used 8519K, committed 8704K, reserved 1048576K
}
Event: 32.549 GC heap after
{Heap after GC invocations=31 (full 0):
 garbage-first heap   total 235520K, used 120137K [0x0000000705000000, 0x0000000800000000)
  region size 2048K, 4 young (8192K), 4 survivors (8192K)
 Metaspace       used 65365K, committed 65856K, reserved 1114112K
  class space    used 8519K, committed 8704K, reserved 1048576K
}
Event: 32.790 GC heap before
{Heap before GC invocations=31 (full 0):
 garbage-first heap   total 235520K, used 167241K [0x0000000705000000, 0x0000000800000000)
  region size 2048K, 27 young (55296K), 4 survivors (8192K)
 Metaspace       used 65365K, committed 65856K, reserved 1114112K
  class space    used 8519K, committed 8704K, reserved 1048576K
}
Event: 32.806 GC heap after
{Heap after GC invocations=32 (full 0):
 garbage-first heap   total 235520K, used 131346K [0x0000000705000000, 0x0000000800000000)
  region size 2048K, 4 young (8192K), 4 survivors (8192K)
 Metaspace       used 65365K, committed 65856K, reserved 1114112K
  class space    used 8519K, committed 8704K, reserved 1048576K
}
Event: 33.087 GC heap before
{Heap before GC invocations=33 (full 0):
 garbage-first heap   total 235520K, used 172306K [0x0000000705000000, 0x0000000800000000)
  region size 2048K, 25 young (51200K), 4 survivors (8192K)
 Metaspace       used 65365K, committed 65856K, reserved 1114112K
  class space    used 8519K, committed 8704K, reserved 1048576K
}
Event: 33.102 GC heap after
{Heap after GC invocations=34 (full 0):
 garbage-first heap   total 235520K, used 139846K [0x0000000705000000, 0x0000000800000000)
  region size 2048K, 4 young (8192K), 4 survivors (8192K)
 Metaspace       used 65365K, committed 65856K, reserved 1114112K
  class space    used 8519K, committed 8704K, reserved 1048576K
}
Event: 33.108 GC heap before
{Heap before GC invocations=34 (full 0):
 garbage-first heap   total 235520K, used 141894K [0x0000000705000000, 0x0000000800000000)
  region size 2048K, 5 young (10240K), 4 survivors (8192K)
 Metaspace       used 65365K, committed 65856K, reserved 1114112K
  class space    used 8519K, committed 8704K, reserved 1048576K
}
Event: 33.123 GC heap after
{Heap after GC invocations=35 (full 0):
 garbage-first heap   total 235520K, used 120878K [0x0000000705000000, 0x0000000800000000)
  region size 2048K, 1 young (2048K), 1 survivors (2048K)
 Metaspace       used 65365K, committed 65856K, reserved 1114112K
  class space    used 8519K, committed 8704K, reserved 1048576K
}
Event: 33.135 GC heap before
{Heap before GC invocations=35 (full 0):
 garbage-first heap   total 235520K, used 129070K [0x0000000705000000, 0x0000000800000000)
  region size 2048K, 5 young (10240K), 1 survivors (2048K)
 Metaspace       used 65365K, committed 65856K, reserved 1114112K
  class space    used 8519K, committed 8704K, reserved 1048576K
}

