# JRE version: OpenJDK Runtime Environment (16.0.1+9) (build 16.0.1+9-24)
# Java VM: OpenJDK 64-Bit Server VM (16.0.1+9-24, mixed mode, sharing, tiered, compressed oops, compressed class ptrs, g1 gc, windows-amd64)
GC Precious Log:
 CPUs: 4 total, 4 available
 Memory: 16063M
 Large Page Support: Disabled
 NUMA Support: Disabled
 Compressed Oops: Enabled (Zero based)
 Heap Region Size: 2M
 Heap Min Capacity: 8M
 Heap Initial Capacity: 252M
 Heap Max Capacity: 4016M
 Pre-touch: Disabled
 Parallel Workers: 4
 Concurrent Workers: 1
 Concurrent Refinement Workers: 4
 Periodic GC: Disabled
Heap:
 garbage-first heap   total 335872K, used 158967K [0x0000000705000000, 0x0000000800000000)
  region size 2048K, 1 young (2048K), 1 survivors (2048K)
 Metaspace       used 86089K, committed 86720K, reserved 1130496K
  class space    used 10906K, committed 11200K, reserved 1048576K
GC Heap History (20 events):
Event: 46.164 GC heap after
{Heap after GC invocations=39 (full 0):
 garbage-first heap   total 204800K, used 83841K [0x0000000705000000, 0x0000000800000000)
  region size 2048K, 4 young (8192K), 4 survivors (8192K)
 Metaspace       used 76159K, committed 76736K, reserved 1122304K
  class space    used 9692K, committed 9984K, reserved 1048576K
}
Event: 46.999 GC heap before
{Heap before GC invocations=39 (full 0):
 garbage-first heap   total 204800K, used 167809K [0x0000000705000000, 0x0000000800000000)
  region size 2048K, 45 young (92160K), 4 survivors (8192K)
 Metaspace       used 76166K, committed 76736K, reserved 1122304K
  class space    used 9692K, committed 9984K, reserved 1048576K
}
Event: 47.022 GC heap after
{Heap after GC invocations=40 (full 0):
 garbage-first heap   total 204800K, used 101726K [0x0000000705000000, 0x0000000800000000)
  region size 2048K, 6 young (12288K), 6 survivors (12288K)
 Metaspace       used 76166K, committed 76736K, reserved 1122304K
  class space    used 9692K, committed 9984K, reserved 1048576K
}
Event: 47.505 GC heap before
{Heap before GC invocations=40 (full 0):
 garbage-first heap   total 204800K, used 132446K [0x0000000705000000, 0x0000000800000000)
  region size 2048K, 22 young (45056K), 6 survivors (12288K)
 Metaspace       used 76284K, committed 76864K, reserved 1122304K
  class space    used 9705K, committed 9984K, reserved 1048576K
}
Event: 47.534 GC heap after
{Heap after GC invocations=41 (full 0):
 garbage-first heap   total 204800K, used 114023K [0x0000000705000000, 0x0000000800000000)
  region size 2048K, 5 young (10240K), 5 survivors (10240K)
 Metaspace       used 76284K, committed 76864K, reserved 1122304K
  class space    used 9705K, committed 9984K, reserved 1048576K
}
Event: 47.834 GC heap before
{Heap before GC invocations=41 (full 0):
 garbage-first heap   total 204800K, used 154983K [0x0000000705000000, 0x0000000800000000)
  region size 2048K, 25 young (51200K), 5 survivors (10240K)
 Metaspace       used 76284K, committed 76864K, reserved 1122304K
  class space    used 9705K, committed 9984K, reserved 1048576K
}
Event: 47.852 GC heap after
{Heap after GC invocations=42 (full 0):
 garbage-first heap   total 204800K, used 125077K [0x0000000705000000, 0x0000000800000000)
  region size 2048K, 4 young (8192K), 4 survivors (8192K)
 Metaspace       used 76284K, committed 76864K, reserved 1122304K
  class space    used 9705K, committed 9984K, reserved 1048576K
}
Event: 48.238 GC heap before
{Heap before GC invocations=43 (full 0):
 garbage-first heap   total 223232K, used 157845K [0x0000000705000000, 0x0000000800000000)
  region size 2048K, 21 young (43008K), 4 survivors (8192K)
 Metaspace       used 76284K, committed 76864K, reserved 1122304K
  class space    used 9705K, committed 9984K, reserved 1048576K
}
Event: 48.247 GC heap after
{Heap after GC invocations=44 (full 0):
 garbage-first heap   total 223232K, used 131969K [0x0000000705000000, 0x0000000800000000)
  region size 2048K, 3 young (6144K), 3 survivors (6144K)
 Metaspace       used 76284K, committed 76864K, reserved 1122304K
  class space    used 9705K, committed 9984K, reserved 1048576K
}
Event: 48.514 GC heap before
{Heap before GC invocations=44 (full 0):
 garbage-first heap   total 223232K, used 168833K [0x0000000705000000, 0x0000000800000000)
  region size 2048K, 22 young (45056K), 3 survivors (6144K)
 Metaspace       used 76284K, committed 76864K, reserved 1122304K
  class space    used 9705K, committed 9984K, reserved 1048576K
}
Event: 48.536 GC heap after
{Heap after GC invocations=45 (full 0):
 garbage-first heap   total 335872K, used 146048K [0x0000000705000000, 0x0000000800000000)
  region size 2048K, 3 young (6144K), 3 survivors (6144K)
 Metaspace       used 76284K, committed 76864K, reserved 1122304K
  class space    used 9705K, committed 9984K, reserved 1048576K
}
Event: 49.185 GC heap before
{Heap before GC invocations=45 (full 0):
 garbage-first heap   total 335872K, used 244352K [0x0000000705000000, 0x0000000800000000)
  region size 2048K, 51 young (104448K), 3 survivors (6144K)
 Metaspace       used 76284K, committed 76864K, reserved 1122304K
  class space    used 9705K, committed 9984K, reserved 1048576K
}
Event: 49.220 GC heap after
{Heap after GC invocations=46 (full 0):
 garbage-first heap   total 335872K, used 170881K [0x0000000705000000, 0x0000000800000000)
  region size 2048K, 7 young (14336K), 7 survivors (14336K)
 Metaspace       used 76284K, committed 76864K, reserved 1122304K
  class space    used 9705K, committed 9984K, reserved 1048576K
}
Event: 50.170 GC heap before
{Heap before GC invocations=46 (full 0):
 garbage-first heap   total 335872K, used 248705K [0x0000000705000000, 0x0000000800000000)
  region size 2048K, 46 young (94208K), 7 survivors (14336K)
 Metaspace       used 77811K, committed 78336K, reserved 1122304K
  class space    used 9831K, committed 10112K, reserved 1048576K
}
Event: 50.197 GC heap after
{Heap after GC invocations=47 (full 0):
 garbage-first heap   total 335872K, used 179813K [0x0000000705000000, 0x0000000800000000)
  region size 2048K, 4 young (8192K), 4 survivors (8192K)
 Metaspace       used 77811K, committed 78336K, reserved 1122304K
  class space    used 9831K, committed 10112K, reserved 1048576K
}
Event: 51.812 GC heap before
{Heap before GC invocations=48 (full 0):
 garbage-first heap   total 335872K, used 253541K [0x0000000705000000, 0x0000000800000000)
  region size 2048K, 41 young (83968K), 4 survivors (8192K)
 Metaspace       used 82660K, committed 83200K, reserved 1122304K
  class space    used 10487K, committed 10752K, reserved 1048576K
}
Event: 51.832 GC heap after
{Heap after GC invocations=49 (full 0):
 garbage-first heap   total 335872K, used 185217K [0x0000000705000000, 0x0000000800000000)
  region size 2048K, 3 young (6144K), 3 survivors (6144K)
 Metaspace       used 82660K, committed 83200K, reserved 1122304K
  class space    used 10487K, committed 10752K, reserved 1048576K
}
Event: 51.898 GC heap before
{Heap before GC invocations=49 (full 0):
 garbage-first heap   total 335872K, used 195457K [0x0000000705000000, 0x0000000800000000)
  region size 2048K, 8 young (16384K), 3 survivors (6144K)
 Metaspace       used 82871K, committed 83392K, reserved 1122304K
  class space    used 10512K, committed 10752K, reserved 1048576K
}
Event: 51.917 GC heap after
{Heap after GC invocations=50 (full 0):
 garbage-first heap   total 335872K, used 158896K [0x0000000705000000, 0x0000000800000000)
  region size 2048K, 1 young (2048K), 1 survivors (2048K)
 Metaspace       used 82871K, committed 83392K, reserved 1122304K
  class space    used 10512K, committed 10752K, reserved 1048576K
}
Event: 53.148 GC heap before
{Heap before GC invocations=50 (full 0):
 garbage-first heap   total 335872K, used 251056K [0x0000000705000000, 0x0000000800000000)
  region size 2048K, 46 young (94208K), 1 survivors (2048K)
 Metaspace       used 86089K, committed 86720K, reserved 1130496K
  class space    used 10906K, committed 11200K, reserved 1048576K
}

